<?xml version="1.0" encoding="UTF-8"?>
<!-- Generated by org.testng.reporters.JUnitXMLReporter -->
<testsuite ignored="0" hostname="DESKTOP-TIVA8EK" failures="3" tests="22" name="Test" time="71.827" errors="0" timestamp="2024-08-12T15:08:27 PKT">
  <testcase classname="OpenCart.TS_002_LoginFunctionality" name="TC_LF_001" time="0.707"/>
  <testcase classname="OpenCart.TS_002_LoginFunctionality" name="TC_LF_002" time="1.235"/>
  <testcase classname="OpenCart.TS_002_LoginFunctionality" name="TC_LF_002" time="1.239"/>
  <testcase classname="OpenCart.TS_002_LoginFunctionality" name="TC_LF_002" time="1.232"/>
  <testcase classname="OpenCart.TS_002_LoginFunctionality" name="TC_LF_005" time="0.161"/>
  <testcase classname="OpenCart.TS_002_LoginFunctionality" name="TC_LF_009" time="1.971">
    <failure type="java.lang.AssertionError" message="Page-back should not logout user after successful login. expected [true] but found [false]">
      <![CDATA[java.lang.AssertionError: Page-back should not logout user after successful login. expected [true] but found [false]
at OpenCart.TS_002_LoginFunctionality.TC_LF_009(TS_002_LoginFunctionality.java:111)
at java.base/java.util.ArrayList.forEach(ArrayList.java:1511)
... Removed 30 stack frames]]>
    </failure>
  </testcase> <!-- TC_LF_009 -->
  <testcase classname="OpenCart.TS_002_LoginFunctionality" name="TC_LF_010" time="1.543"/>
  <testcase classname="OpenCart.TS_002_LoginFunctionality" name="TC_LF_012" time="6.295">
    <failure type="java.lang.AssertionError" message="On Fifth Login attemp message: Warning: Your account has exceeded allowed number of login attempts. Please try again in 1 hour. expected [true] but found [false]">
      <![CDATA[java.lang.AssertionError: On Fifth Login attemp message: Warning: Your account has exceeded allowed number of login attempts. Please try again in 1 hour. expected [true] but found [false]
at OpenCart.TS_002_LoginFunctionality.TC_LF_012(TS_002_LoginFunctionality.java:146)
at java.base/java.util.ArrayList.forEach(ArrayList.java:1511)
... Removed 30 stack frames]]>
    </failure>
  </testcase> <!-- TC_LF_012 -->
  <testcase classname="OpenCart.TS_002_LoginFunctionality" name="TC_LF_014" time="0.194"/>
  <testcase classname="OpenCart.TS_002_LoginFunctionality" name="TC_LF_016" time="3.259"/>
  <testcase classname="OpenCart.TS_01_RegistrationFunctionality" name="TC_RF_001" time="2.174"/>
  <testcase classname="OpenCart.TS_01_RegistrationFunctionality" name="TC_RF_004" time="1.831"/>
  <testcase classname="OpenCart.TS_01_RegistrationFunctionality" name="TC_RF_005" time="1.894"/>
  <testcase classname="OpenCart.TS_01_RegistrationFunctionality" name="TC_RF_006" time="2.007"/>
  <testcase classname="OpenCart.TS_01_RegistrationFunctionality" name="TC_RF_007" time="1.269"/>
  <testcase classname="OpenCart.TS_01_RegistrationFunctionality" name="TC_RF_009" time="2.081"/>
  <testcase classname="OpenCart.TS_01_RegistrationFunctionality" name="TC_RF_012" time="1.84"/>
  <testcase classname="OpenCart.TS_01_RegistrationFunctionality" name="TC_RF_013" time="0.042"/>
  <testcase classname="OpenCart.TS_01_RegistrationFunctionality" name="TC_RF_016" time="2.212"/>
  <testcase classname="OpenCart.TS_01_RegistrationFunctionality" name="TC_RF_015" time="0.023"/>
  <testcase classname="OpenCart.TS_01_RegistrationFunctionality" name="TC_RF_008" time="2.073"/>
  <testcase classname="OpenCart.TS_01_RegistrationFunctionality" name="TC_RF_008" time="11.523">
    <failure type="java.lang.AssertionError" message="Password Error shown! expected [true] but found [false]">
      <![CDATA[java.lang.AssertionError: Password Error shown! expected [true] but found [false]
at OpenCart.TS_01_RegistrationFunctionality.TC_RF_008(TS_01_RegistrationFunctionality.java:202)
at java.base/java.util.ArrayList.forEach(ArrayList.java:1511)
... Removed 30 stack frames]]>
    </failure>
  </testcase> <!-- TC_RF_008 -->
</testsuite> <!-- Test -->
