<html>
<head>
<title>TestNG:  Test</title>
<link href="../testng.css" rel="stylesheet" type="text/css" />
<link href="../my-testng.css" rel="stylesheet" type="text/css" />

<style type="text/css">
.log { display: none;} 
.stack-trace { display: none;} 
</style>
<script type="text/javascript">
<!--
function flip(e) {
  current = e.style.display;
  if (current == 'block') {
    e.style.display = 'none';
    return 0;
  }
  else {
    e.style.display = 'block';
    return 1;
  }
}

function toggleBox(szDivId, elem, msg1, msg2)
{
  var res = -1;  if (document.getElementById) {
    res = flip(document.getElementById(szDivId));
  }
  else if (document.all) {
    // this is the way old msie versions work
    res = flip(document.all[szDivId]);
  }
  if(elem) {
    if(res == 0) elem.innerHTML = msg1; else elem.innerHTML = msg2;
  }

}

function toggleAllBoxes() {
  if (document.getElementsByTagName) {
    d = document.getElementsByTagName('div');
    for (i = 0; i < d.length; i++) {
      if (d[i].className == 'log') {
        flip(d[i]);
      }
    }
  }
}

// -->
</script>

</head>
<body>
<h2 align='center'>Test</h2><table border='1' align="center">
<tr>
<td>Tests passed/Failed/Skipped:</td><td>19/3/0</td>
</tr><tr>
<td>Started on:</td><td>Mon Aug 12 15:07:15 PKT 2024</td>
</tr>
<tr><td>Total time:</td><td>71 seconds (71827 ms)</td>
</tr><tr>
<td>Included groups:</td><td></td>
</tr><tr>
<td>Excluded groups:</td><td></td>
</tr>
</table><p/>
<small><i>(Hover the method name to see the test class name)</i></small><p/>
<table width='100%' border='1' class='invocation-failed'>
<tr><td colspan='4' align='center'><b>FAILED TESTS</b></td></tr>
<tr><td><b>Test method</b></td>
<td><b>Attribute(s)</b></td>
<td width="30%"><b>Exception</b></td>
<td width="10%"><b>Time (seconds)</b></td>
<td><b>Instance</b></td>
</tr>
<tr>
<td title='OpenCart.TS_002_LoginFunctionality.TC_LF_012()'><b>TC_LF_012</b><br>Test class: OpenCart.TS_002_LoginFunctionality</td>
<td><div><pre>java.lang.AssertionError: On Fifth Login attemp message: Warning: Your account has exceeded allowed number of login attempts. Please try again in 1 hour. expected [true] but found [false]
	at OpenCart.TS_002_LoginFunctionality.TC_LF_012(TS_002_LoginFunctionality.java:146)
	at java.base/java.util.ArrayList.forEach(ArrayList.java:1511)
... Removed 30 stack frames</pre></div><a href='#' onClick='toggleBox("stack-trace1259283097", this, "Click to show all stack frames", "Click to hide stack frames")'>Click to show all stack frames</a>
<div class='stack-trace' id='stack-trace1259283097'><pre>java.lang.AssertionError: On Fifth Login attemp message: Warning: Your account has exceeded allowed number of login attempts. Please try again in 1 hour. expected [true] but found [false]
	at org.testng.Assert.fail(Assert.java:111)
	at org.testng.Assert.failNotEquals(Assert.java:1578)
	at org.testng.Assert.assertTrue(Assert.java:57)
	at OpenCart.TS_002_LoginFunctionality.TC_LF_012(TS_002_LoginFunctionality.java:146)
	at java.base/jdk.internal.reflect.NativeMethodAccessorImpl.invoke0(Native Method)
	at java.base/jdk.internal.reflect.NativeMethodAccessorImpl.invoke(NativeMethodAccessorImpl.java:77)
	at java.base/jdk.internal.reflect.DelegatingMethodAccessorImpl.invoke(DelegatingMethodAccessorImpl.java:43)
	at java.base/java.lang.reflect.Method.invoke(Method.java:568)
	at org.testng.internal.invokers.MethodInvocationHelper.invokeMethod(MethodInvocationHelper.java:141)
	at org.testng.internal.invokers.TestInvoker.invokeMethod(TestInvoker.java:686)
	at org.testng.internal.invokers.TestInvoker.invokeTestMethod(TestInvoker.java:230)
	at org.testng.internal.invokers.MethodRunner.runInSequence(MethodRunner.java:63)
	at org.testng.internal.invokers.TestInvoker$MethodInvocationAgent.invoke(TestInvoker.java:992)
	at org.testng.internal.invokers.TestInvoker.invokeTestMethods(TestInvoker.java:203)
	at org.testng.internal.invokers.TestMethodWorker.invokeTestMethods(TestMethodWorker.java:154)
	at org.testng.internal.invokers.TestMethodWorker.run(TestMethodWorker.java:134)
	at java.base/java.util.ArrayList.forEach(ArrayList.java:1511)
	at org.testng.TestRunner.privateRun(TestRunner.java:739)
	at org.testng.TestRunner.run(TestRunner.java:614)
	at org.testng.SuiteRunner.runTest(SuiteRunner.java:421)
	at org.testng.SuiteRunner.runSequentially(SuiteRunner.java:413)
	at org.testng.SuiteRunner.privateRun(SuiteRunner.java:373)
	at org.testng.SuiteRunner.run(SuiteRunner.java:312)
	at org.testng.SuiteRunnerWorker.runSuite(SuiteRunnerWorker.java:52)
	at org.testng.SuiteRunnerWorker.run(SuiteRunnerWorker.java:95)
	at org.testng.TestNG.runSuitesSequentially(TestNG.java:1274)
	at org.testng.TestNG.runSuitesLocally(TestNG.java:1208)
	at org.testng.TestNG.runSuites(TestNG.java:1112)
	at org.testng.TestNG.run(TestNG.java:1079)
	at org.testng.remote.AbstractRemoteTestNG.run(AbstractRemoteTestNG.java:115)
	at org.testng.remote.RemoteTestNG.initAndRun(RemoteTestNG.java:293)
	at org.testng.remote.RemoteTestNG.main(RemoteTestNG.java:91)
</pre></div></td>
<td>6</td>
<td>OpenCart.TS_002_LoginFunctionality@1e16c0aa</td></tr>
<tr>
<td title='OpenCart.TS_002_LoginFunctionality.TC_LF_009()'><b>TC_LF_009</b><br>Test class: OpenCart.TS_002_LoginFunctionality<br>Parameters: lone@admin.com, admin</td>
<td><div><pre>java.lang.AssertionError: Page-back should not logout user after successful login. expected [true] but found [false]
	at OpenCart.TS_002_LoginFunctionality.TC_LF_009(TS_002_LoginFunctionality.java:111)
	at java.base/java.util.ArrayList.forEach(ArrayList.java:1511)
... Removed 30 stack frames</pre></div><a href='#' onClick='toggleBox("stack-trace757332719", this, "Click to show all stack frames", "Click to hide stack frames")'>Click to show all stack frames</a>
<div class='stack-trace' id='stack-trace757332719'><pre>java.lang.AssertionError: Page-back should not logout user after successful login. expected [true] but found [false]
	at org.testng.Assert.fail(Assert.java:111)
	at org.testng.Assert.failNotEquals(Assert.java:1578)
	at org.testng.Assert.assertTrue(Assert.java:57)
	at OpenCart.TS_002_LoginFunctionality.TC_LF_009(TS_002_LoginFunctionality.java:111)
	at java.base/jdk.internal.reflect.NativeMethodAccessorImpl.invoke0(Native Method)
	at java.base/jdk.internal.reflect.NativeMethodAccessorImpl.invoke(NativeMethodAccessorImpl.java:77)
	at java.base/jdk.internal.reflect.DelegatingMethodAccessorImpl.invoke(DelegatingMethodAccessorImpl.java:43)
	at java.base/java.lang.reflect.Method.invoke(Method.java:568)
	at org.testng.internal.invokers.MethodInvocationHelper.invokeMethod(MethodInvocationHelper.java:141)
	at org.testng.internal.invokers.TestInvoker.invokeMethod(TestInvoker.java:686)
	at org.testng.internal.invokers.TestInvoker.invokeTestMethod(TestInvoker.java:230)
	at org.testng.internal.invokers.MethodRunner.runInSequence(MethodRunner.java:63)
	at org.testng.internal.invokers.TestInvoker$MethodInvocationAgent.invoke(TestInvoker.java:992)
	at org.testng.internal.invokers.TestInvoker.invokeTestMethods(TestInvoker.java:203)
	at org.testng.internal.invokers.TestMethodWorker.invokeTestMethods(TestMethodWorker.java:154)
	at org.testng.internal.invokers.TestMethodWorker.run(TestMethodWorker.java:134)
	at java.base/java.util.ArrayList.forEach(ArrayList.java:1511)
	at org.testng.TestRunner.privateRun(TestRunner.java:739)
	at org.testng.TestRunner.run(TestRunner.java:614)
	at org.testng.SuiteRunner.runTest(SuiteRunner.java:421)
	at org.testng.SuiteRunner.runSequentially(SuiteRunner.java:413)
	at org.testng.SuiteRunner.privateRun(SuiteRunner.java:373)
	at org.testng.SuiteRunner.run(SuiteRunner.java:312)
	at org.testng.SuiteRunnerWorker.runSuite(SuiteRunnerWorker.java:52)
	at org.testng.SuiteRunnerWorker.run(SuiteRunnerWorker.java:95)
	at org.testng.TestNG.runSuitesSequentially(TestNG.java:1274)
	at org.testng.TestNG.runSuitesLocally(TestNG.java:1208)
	at org.testng.TestNG.runSuites(TestNG.java:1112)
	at org.testng.TestNG.run(TestNG.java:1079)
	at org.testng.remote.AbstractRemoteTestNG.run(AbstractRemoteTestNG.java:115)
	at org.testng.remote.RemoteTestNG.initAndRun(RemoteTestNG.java:293)
	at org.testng.remote.RemoteTestNG.main(RemoteTestNG.java:91)
</pre></div></td>
<td>1</td>
<td>OpenCart.TS_002_LoginFunctionality@1e16c0aa</td></tr>
<tr>
<td title='OpenCart.TS_01_RegistrationFunctionality.TC_RF_008()'><b>TC_RF_008</b><br>Test class: OpenCart.TS_01_RegistrationFunctionality<br>Parameters: 12345678912345678912</td>
<td><div><pre>java.lang.AssertionError: Password Error shown! expected [true] but found [false]
	at OpenCart.TS_01_RegistrationFunctionality.TC_RF_008(TS_01_RegistrationFunctionality.java:202)
	at java.base/java.util.ArrayList.forEach(ArrayList.java:1511)
... Removed 30 stack frames</pre></div><a href='#' onClick='toggleBox("stack-trace1135131957", this, "Click to show all stack frames", "Click to hide stack frames")'>Click to show all stack frames</a>
<div class='stack-trace' id='stack-trace1135131957'><pre>java.lang.AssertionError: Password Error shown! expected [true] but found [false]
	at org.testng.Assert.fail(Assert.java:111)
	at org.testng.Assert.failNotEquals(Assert.java:1578)
	at org.testng.Assert.assertTrue(Assert.java:57)
	at OpenCart.TS_01_RegistrationFunctionality.TC_RF_008(TS_01_RegistrationFunctionality.java:202)
	at java.base/jdk.internal.reflect.NativeMethodAccessorImpl.invoke0(Native Method)
	at java.base/jdk.internal.reflect.NativeMethodAccessorImpl.invoke(NativeMethodAccessorImpl.java:77)
	at java.base/jdk.internal.reflect.DelegatingMethodAccessorImpl.invoke(DelegatingMethodAccessorImpl.java:43)
	at java.base/java.lang.reflect.Method.invoke(Method.java:568)
	at org.testng.internal.invokers.MethodInvocationHelper.invokeMethod(MethodInvocationHelper.java:141)
	at org.testng.internal.invokers.TestInvoker.invokeMethod(TestInvoker.java:686)
	at org.testng.internal.invokers.TestInvoker.invokeTestMethod(TestInvoker.java:230)
	at org.testng.internal.invokers.MethodRunner.runInSequence(MethodRunner.java:63)
	at org.testng.internal.invokers.TestInvoker$MethodInvocationAgent.invoke(TestInvoker.java:992)
	at org.testng.internal.invokers.TestInvoker.invokeTestMethods(TestInvoker.java:203)
	at org.testng.internal.invokers.TestMethodWorker.invokeTestMethods(TestMethodWorker.java:154)
	at org.testng.internal.invokers.TestMethodWorker.run(TestMethodWorker.java:134)
	at java.base/java.util.ArrayList.forEach(ArrayList.java:1511)
	at org.testng.TestRunner.privateRun(TestRunner.java:739)
	at org.testng.TestRunner.run(TestRunner.java:614)
	at org.testng.SuiteRunner.runTest(SuiteRunner.java:421)
	at org.testng.SuiteRunner.runSequentially(SuiteRunner.java:413)
	at org.testng.SuiteRunner.privateRun(SuiteRunner.java:373)
	at org.testng.SuiteRunner.run(SuiteRunner.java:312)
	at org.testng.SuiteRunnerWorker.runSuite(SuiteRunnerWorker.java:52)
	at org.testng.SuiteRunnerWorker.run(SuiteRunnerWorker.java:95)
	at org.testng.TestNG.runSuitesSequentially(TestNG.java:1274)
	at org.testng.TestNG.runSuitesLocally(TestNG.java:1208)
	at org.testng.TestNG.runSuites(TestNG.java:1112)
	at org.testng.TestNG.run(TestNG.java:1079)
	at org.testng.remote.AbstractRemoteTestNG.run(AbstractRemoteTestNG.java:115)
	at org.testng.remote.RemoteTestNG.initAndRun(RemoteTestNG.java:293)
	at org.testng.remote.RemoteTestNG.main(RemoteTestNG.java:91)
</pre></div></td>
<td>11</td>
<td>OpenCart.TS_01_RegistrationFunctionality@5be1d0a4</td></tr>
</table><p>
<table width='100%' border='1' class='invocation-passed'>
<tr><td colspan='4' align='center'><b>PASSED TESTS</b></td></tr>
<tr><td><b>Test method</b></td>
<td><b>Attribute(s)</b></td>
<td width="30%"><b>Exception</b></td>
<td width="10%"><b>Time (seconds)</b></td>
<td><b>Instance</b></td>
</tr>
<tr>
<td title='OpenCart.TS_01_RegistrationFunctionality.TC_RF_008()'><b>TC_RF_008</b><br>Test class: OpenCart.TS_01_RegistrationFunctionality<br>Parameters: 12</td>
<td></td>
<td>2</td>
<td>OpenCart.TS_01_RegistrationFunctionality@5be1d0a4</td></tr>
<tr>
<td title='OpenCart.TS_002_LoginFunctionality.TC_LF_002()'><b>TC_LF_002</b><br>Test class: OpenCart.TS_002_LoginFunctionality<br>Parameters: admin@adm.com, adm</td>
<td></td>
<td>1</td>
<td>OpenCart.TS_002_LoginFunctionality@1e16c0aa</td></tr>
<tr>
<td title='OpenCart.TS_002_LoginFunctionality.TC_LF_010()'><b>TC_LF_010</b><br>Test class: OpenCart.TS_002_LoginFunctionality<br>Parameters: lone@admin.com, admin</td>
<td></td>
<td>1</td>
<td>OpenCart.TS_002_LoginFunctionality@1e16c0aa</td></tr>
<tr>
<td title='OpenCart.TS_002_LoginFunctionality.TC_LF_014()'><b>TC_LF_014</b><br>Test class: OpenCart.TS_002_LoginFunctionality</td>
<td></td>
<td>0</td>
<td>OpenCart.TS_002_LoginFunctionality@1e16c0aa</td></tr>
<tr>
<td title='OpenCart.TS_002_LoginFunctionality.TC_LF_016()'><b>TC_LF_016</b><br>Test class: OpenCart.TS_002_LoginFunctionality<br>Parameters: change@change.com, change, change</td>
<td></td>
<td>3</td>
<td>OpenCart.TS_002_LoginFunctionality@1e16c0aa</td></tr>
<tr>
<td title='OpenCart.TS_01_RegistrationFunctionality.TC_RF_001()'><b>TC_RF_001</b><br>Test class: OpenCart.TS_01_RegistrationFunctionality</td>
<td></td>
<td>2</td>
<td>OpenCart.TS_01_RegistrationFunctionality@5be1d0a4</td></tr>
<tr>
<td title='OpenCart.TS_002_LoginFunctionality.TC_LF_001()'><b>TC_LF_001</b><br>Test class: OpenCart.TS_002_LoginFunctionality<br>Parameters: lone@admin.com, admin</td>
<td></td>
<td>0</td>
<td>OpenCart.TS_002_LoginFunctionality@1e16c0aa</td></tr>
<tr>
<td title='OpenCart.TS_01_RegistrationFunctionality.TC_RF_013()'><b>TC_RF_013</b><br>Test class: OpenCart.TS_01_RegistrationFunctionality</td>
<td></td>
<td>0</td>
<td>OpenCart.TS_01_RegistrationFunctionality@5be1d0a4</td></tr>
<tr>
<td title='OpenCart.TS_01_RegistrationFunctionality.TC_RF_006()'><b>TC_RF_006</b><br>Test class: OpenCart.TS_01_RegistrationFunctionality</td>
<td></td>
<td>2</td>
<td>OpenCart.TS_01_RegistrationFunctionality@5be1d0a4</td></tr>
<tr>
<td title='OpenCart.TS_01_RegistrationFunctionality.TC_RF_012()'><b>TC_RF_012</b><br>Test class: OpenCart.TS_01_RegistrationFunctionality</td>
<td></td>
<td>1</td>
<td>OpenCart.TS_01_RegistrationFunctionality@5be1d0a4</td></tr>
<tr>
<td title='OpenCart.TS_002_LoginFunctionality.TC_LF_002()'><b>TC_LF_002</b><br>Test class: OpenCart.TS_002_LoginFunctionality<br>Parameters: admin@admin.com, adm</td>
<td></td>
<td>1</td>
<td>OpenCart.TS_002_LoginFunctionality@1e16c0aa</td></tr>
<tr>
<td title='OpenCart.TS_01_RegistrationFunctionality.TC_RF_016()'><b>TC_RF_016</b><br>Test class: OpenCart.TS_01_RegistrationFunctionality</td>
<td></td>
<td>2</td>
<td>OpenCart.TS_01_RegistrationFunctionality@5be1d0a4</td></tr>
<tr>
<td title='OpenCart.TS_01_RegistrationFunctionality.TC_RF_015()'><b>TC_RF_015</b><br>Test class: OpenCart.TS_01_RegistrationFunctionality</td>
<td></td>
<td>0</td>
<td>OpenCart.TS_01_RegistrationFunctionality@5be1d0a4</td></tr>
<tr>
<td title='OpenCart.TS_002_LoginFunctionality.TC_LF_002()'><b>TC_LF_002</b><br>Test class: OpenCart.TS_002_LoginFunctionality<br>Parameters: admin@adm.com, admin</td>
<td></td>
<td>1</td>
<td>OpenCart.TS_002_LoginFunctionality@1e16c0aa</td></tr>
<tr>
<td title='OpenCart.TS_01_RegistrationFunctionality.TC_RF_004()'><b>TC_RF_004</b><br>Test class: OpenCart.TS_01_RegistrationFunctionality</td>
<td></td>
<td>1</td>
<td>OpenCart.TS_01_RegistrationFunctionality@5be1d0a4</td></tr>
<tr>
<td title='OpenCart.TS_01_RegistrationFunctionality.TC_RF_007()'><b>TC_RF_007</b><br>Test class: OpenCart.TS_01_RegistrationFunctionality</td>
<td></td>
<td>1</td>
<td>OpenCart.TS_01_RegistrationFunctionality@5be1d0a4</td></tr>
<tr>
<td title='OpenCart.TS_01_RegistrationFunctionality.TC_RF_005()'><b>TC_RF_005</b><br>Test class: OpenCart.TS_01_RegistrationFunctionality</td>
<td></td>
<td>1</td>
<td>OpenCart.TS_01_RegistrationFunctionality@5be1d0a4</td></tr>
<tr>
<td title='OpenCart.TS_002_LoginFunctionality.TC_LF_005()'><b>TC_LF_005</b><br>Test class: OpenCart.TS_002_LoginFunctionality</td>
<td></td>
<td>0</td>
<td>OpenCart.TS_002_LoginFunctionality@1e16c0aa</td></tr>
<tr>
<td title='OpenCart.TS_01_RegistrationFunctionality.TC_RF_009()'><b>TC_RF_009</b><br>Test class: OpenCart.TS_01_RegistrationFunctionality</td>
<td></td>
<td>2</td>
<td>OpenCart.TS_01_RegistrationFunctionality@5be1d0a4</td></tr>
</table><p>
</body>
</html>