<?xml version="1.0" encoding="UTF-8"?>
<!-- Generated by org.testng.reporters.JUnitXMLReporter -->
<testsuite ignored="0" hostname="DESKTOP-TIVA8EK" failures="4" tests="22" name="Test" time="44.893" errors="0" timestamp="2024-08-06T01:20:37 PKT">
  <testcase classname="OpenCart.TS_002_LoginFunctionality" name="TC_LF_001" time="0.743"/>
  <testcase classname="OpenCart.TS_01_RegistrationFunctionality" name="TC_RF_001" time="2.177"/>
  <testcase classname="OpenCart.TS_002_LoginFunctionality" name="TC_LF_002" time="1.285"/>
  <testcase classname="OpenCart.TS_01_RegistrationFunctionality" name="TC_RF_004" time="1.361"/>
  <testcase classname="OpenCart.TS_002_LoginFunctionality" name="TC_LF_002" time="1.258"/>
  <testcase classname="OpenCart.TS_002_LoginFunctionality" name="TC_LF_002" time="1.261"/>
  <testcase classname="OpenCart.TS_01_RegistrationFunctionality" name="TC_RF_005" time="2.825"/>
  <testcase classname="OpenCart.TS_002_LoginFunctionality" name="TC_LF_005" time="0.195"/>
  <testcase classname="OpenCart.TS_002_LoginFunctionality" name="TC_LF_009" time="2.012">
    <failure type="java.lang.AssertionError" message="Page-back should not logout user after successful login. expected [true] but found [false]">
      <![CDATA[java.lang.AssertionError: Page-back should not logout user after successful login. expected [true] but found [false]
at OpenCart.TS_002_LoginFunctionality.TC_LF_009(TS_002_LoginFunctionality.java:111)
at java.base/java.util.concurrent.Executors$RunnableAdapter.call(Executors.java:539)
at java.base/java.util.concurrent.FutureTask.run(FutureTask.java:264)
at java.base/java.util.concurrent.ThreadPoolExecutor.runWorker(ThreadPoolExecutor.java:1136)
at java.base/java.util.concurrent.ThreadPoolExecutor$Worker.run(ThreadPoolExecutor.java:635)
at java.base/java.lang.Thread.run(Thread.java:840)
... Removed 16 stack frames]]>
    </failure>
  </testcase> <!-- TC_LF_009 -->
  <testcase classname="OpenCart.TS_01_RegistrationFunctionality" name="TC_RF_006" time="2.902"/>
  <testcase classname="OpenCart.TS_002_LoginFunctionality" name="TC_LF_010" time="1.505"/>
  <testcase classname="OpenCart.TS_01_RegistrationFunctionality" name="TC_RF_007" time="1.346"/>
  <testcase classname="OpenCart.TS_002_LoginFunctionality" name="TC_LF_012" time="6.457">
    <failure type="java.lang.AssertionError" message="On Fifth Login attemp message: Warning: Your account has exceeded allowed number of login attempts. Please try again in 1 hour. expected [true] but found [false]">
      <![CDATA[java.lang.AssertionError: On Fifth Login attemp message: Warning: Your account has exceeded allowed number of login attempts. Please try again in 1 hour. expected [true] but found [false]
at OpenCart.TS_002_LoginFunctionality.TC_LF_012(TS_002_LoginFunctionality.java:145)
at java.base/java.util.concurrent.Executors$RunnableAdapter.call(Executors.java:539)
at java.base/java.util.concurrent.FutureTask.run(FutureTask.java:264)
at java.base/java.util.concurrent.ThreadPoolExecutor.runWorker(ThreadPoolExecutor.java:1136)
at java.base/java.util.concurrent.ThreadPoolExecutor$Worker.run(ThreadPoolExecutor.java:635)
at java.base/java.lang.Thread.run(Thread.java:840)
... Removed 16 stack frames]]>
    </failure>
  </testcase> <!-- TC_LF_012 -->
  <testcase classname="OpenCart.TS_01_RegistrationFunctionality" name="TC_RF_009" time="5.621">
    <failure type="org.openqa.selenium.TimeoutException" message="Expected condition failed: waiting for OpenCart.AbstractComponents.AbstractComponents$1@48516634 (tried for 5 second(s) with 500 milliseconds interval)
Build info: version: &amp;apos;4.23.0&amp;apos;, revision: &amp;apos;4df0a231af&amp;apos;
System info: os.name: &amp;apos;Windows 10&amp;apos;, os.arch: &amp;apos;amd64&amp;apos;, os.version: &amp;apos;10.0&amp;apos;, java.version: &amp;apos;17.0.9&amp;apos;
Driver info: org.openqa.selenium.chrome.ChromeDriver
Capabilities {acceptInsecureCerts: false, browserName: chrome, browserVersion: 126.0.6478.185, chrome: {chromedriverVersion: 126.0.6478.182 (5b5d8292ddf..., userDataDir: C:\Users\Hassan\AppData\Loc...}, fedcm:accounts: true, goog:chromeOptions: {debuggerAddress: localhost:57749}, networkConnectionEnabled: false, pageLoadStrategy: normal, platformName: windows, proxy: Proxy(), se:cdp: ws://localhost:57749/devtoo..., se:cdpVersion: 126.0.6478.185, setWindowRect: true, strictFileInteractability: false, timeouts: {implicit: 0, pageLoad: 300000, script: 30000}, unhandledPromptBehavior: dismiss and notify, webauthn:extension:credBlob: true, webauthn:extension:largeBlob: true, webauthn:extension:minPinLength: true, webauthn:extension:prf: true, webauthn:virtualAuthenticators: true}
Session ID: 906973ec03f011d1a16687f844f5795d">
      <![CDATA[org.openqa.selenium.TimeoutException: Expected condition failed: waiting for OpenCart.AbstractComponents.AbstractComponents$1@48516634 (tried for 5 second(s) with 500 milliseconds interval)
Build info: version: '4.23.0', revision: '4df0a231af'
System info: os.name: 'Windows 10', os.arch: 'amd64', os.version: '10.0', java.version: '17.0.9'
Driver info: org.openqa.selenium.chrome.ChromeDriver
Capabilities {acceptInsecureCerts: false, browserName: chrome, browserVersion: 126.0.6478.185, chrome: {chromedriverVersion: 126.0.6478.182 (5b5d8292ddf..., userDataDir: C:\Users\Hassan\AppData\Loc...}, fedcm:accounts: true, goog:chromeOptions: {debuggerAddress: localhost:57749}, networkConnectionEnabled: false, pageLoadStrategy: normal, platformName: windows, proxy: Proxy(), se:cdp: ws://localhost:57749/devtoo..., se:cdpVersion: 126.0.6478.185, setWindowRect: true, strictFileInteractability: false, timeouts: {implicit: 0, pageLoad: 300000, script: 30000}, unhandledPromptBehavior: dismiss and notify, webauthn:extension:credBlob: true, webauthn:extension:largeBlob: true, webauthn:extension:minPinLength: true, webauthn:extension:prf: true, webauthn:virtualAuthenticators: true}
Session ID: 906973ec03f011d1a16687f844f5795d
at org.openqa.selenium.support.ui.WebDriverWait.timeoutException(WebDriverWait.java:84)
at org.openqa.selenium.support.ui.FluentWait.until(FluentWait.java:228)
at OpenCart.AbstractComponents.AbstractComponents.waitForElementInView(AbstractComponents.java:66)
at OpenCart.PageObjects.RegisterPage.SelectSubscribe(RegisterPage.java:164)
at OpenCart.TS_01_RegistrationFunctionality.TC_RF_009(TS_01_RegistrationFunctionality.java:213)
at java.base/java.util.concurrent.Executors$RunnableAdapter.call(Executors.java:539)
at java.base/java.util.concurrent.FutureTask.run(FutureTask.java:264)
at java.base/java.util.concurrent.ThreadPoolExecutor.runWorker(ThreadPoolExecutor.java:1136)
at java.base/java.util.concurrent.ThreadPoolExecutor$Worker.run(ThreadPoolExecutor.java:635)
at java.base/java.lang.Thread.run(Thread.java:840)
... Removed 13 stack frames]]>
    </failure>
  </testcase> <!-- TC_RF_009 -->
  <testcase classname="OpenCart.TS_002_LoginFunctionality" name="TC_LF_014" time="0.19"/>
  <testcase classname="OpenCart.TS_01_RegistrationFunctionality" name="TC_RF_012" time="2.258"/>
  <testcase classname="OpenCart.TS_01_RegistrationFunctionality" name="TC_RF_013" time="0.056"/>
  <testcase classname="OpenCart.TS_002_LoginFunctionality" name="TC_LF_016" time="3.324"/>
  <testcase classname="OpenCart.TS_01_RegistrationFunctionality" name="TC_RF_016" time="1.77"/>
  <testcase classname="OpenCart.TS_01_RegistrationFunctionality" name="TC_RF_015" time="0.035"/>
  <testcase classname="OpenCart.TS_01_RegistrationFunctionality" name="TC_RF_008" time="1.485"/>
  <testcase classname="OpenCart.TS_01_RegistrationFunctionality" name="TC_RF_008" time="11.55">
    <failure type="java.lang.AssertionError" message="Password Error shown! expected [true] but found [false]">
      <![CDATA[java.lang.AssertionError: Password Error shown! expected [true] but found [false]
at OpenCart.TS_01_RegistrationFunctionality.TC_RF_008(TS_01_RegistrationFunctionality.java:197)
at java.base/java.util.concurrent.Executors$RunnableAdapter.call(Executors.java:539)
at java.base/java.util.concurrent.FutureTask.run(FutureTask.java:264)
at java.base/java.util.concurrent.ThreadPoolExecutor.runWorker(ThreadPoolExecutor.java:1136)
at java.base/java.util.concurrent.ThreadPoolExecutor$Worker.run(ThreadPoolExecutor.java:635)
at java.base/java.lang.Thread.run(Thread.java:840)
... Removed 16 stack frames]]>
    </failure>
  </testcase> <!-- TC_RF_008 -->
</testsuite> <!-- Test -->
