<html>
<head>
<title>TestNG:  Test</title>
<link href="../testng.css" rel="stylesheet" type="text/css" />
<link href="../my-testng.css" rel="stylesheet" type="text/css" />

<style type="text/css">
.log { display: none;} 
.stack-trace { display: none;} 
</style>
<script type="text/javascript">
<!--
function flip(e) {
  current = e.style.display;
  if (current == 'block') {
    e.style.display = 'none';
    return 0;
  }
  else {
    e.style.display = 'block';
    return 1;
  }
}

function toggleBox(szDivId, elem, msg1, msg2)
{
  var res = -1;  if (document.getElementById) {
    res = flip(document.getElementById(szDivId));
  }
  else if (document.all) {
    // this is the way old msie versions work
    res = flip(document.all[szDivId]);
  }
  if(elem) {
    if(res == 0) elem.innerHTML = msg1; else elem.innerHTML = msg2;
  }

}

function toggleAllBoxes() {
  if (document.getElementsByTagName) {
    d = document.getElementsByTagName('div');
    for (i = 0; i < d.length; i++) {
      if (d[i].className == 'log') {
        flip(d[i]);
      }
    }
  }
}

// -->
</script>

</head>
<body>
<h2 align='center'>Test</h2><table border='1' align="center">
<tr>
<td>Tests passed/Failed/Skipped:</td><td>18/4/0</td>
</tr><tr>
<td>Started on:</td><td>Tue Aug 06 01:19:52 PKT 2024</td>
</tr>
<tr><td>Total time:</td><td>44 seconds (44893 ms)</td>
</tr><tr>
<td>Included groups:</td><td></td>
</tr><tr>
<td>Excluded groups:</td><td></td>
</tr>
</table><p/>
<small><i>(Hover the method name to see the test class name)</i></small><p/>
<table width='100%' border='1' class='invocation-failed'>
<tr><td colspan='4' align='center'><b>FAILED TESTS</b></td></tr>
<tr><td><b>Test method</b></td>
<td><b>Attribute(s)</b></td>
<td width="30%"><b>Exception</b></td>
<td width="10%"><b>Time (seconds)</b></td>
<td><b>Instance</b></td>
</tr>
<tr>
<td title='OpenCart.TS_002_LoginFunctionality.TC_LF_012()'><b>TC_LF_012</b><br>Test class: OpenCart.TS_002_LoginFunctionality</td>
<td><div><pre>java.lang.AssertionError: On Fifth Login attemp message: Warning: Your account has exceeded allowed number of login attempts. Please try again in 1 hour. expected [true] but found [false]
	at OpenCart.TS_002_LoginFunctionality.TC_LF_012(TS_002_LoginFunctionality.java:145)
	at java.base/java.util.concurrent.Executors$RunnableAdapter.call(Executors.java:539)
	at java.base/java.util.concurrent.FutureTask.run(FutureTask.java:264)
	at java.base/java.util.concurrent.ThreadPoolExecutor.runWorker(ThreadPoolExecutor.java:1136)
	at java.base/java.util.concurrent.ThreadPoolExecutor$Worker.run(ThreadPoolExecutor.java:635)
	at java.base/java.lang.Thread.run(Thread.java:840)
... Removed 16 stack frames</pre></div><a href='#' onClick='toggleBox("stack-trace1999994228", this, "Click to show all stack frames", "Click to hide stack frames")'>Click to show all stack frames</a>
<div class='stack-trace' id='stack-trace1999994228'><pre>java.lang.AssertionError: On Fifth Login attemp message: Warning: Your account has exceeded allowed number of login attempts. Please try again in 1 hour. expected [true] but found [false]
	at org.testng.Assert.fail(Assert.java:111)
	at org.testng.Assert.failNotEquals(Assert.java:1578)
	at org.testng.Assert.assertTrue(Assert.java:57)
	at OpenCart.TS_002_LoginFunctionality.TC_LF_012(TS_002_LoginFunctionality.java:145)
	at java.base/jdk.internal.reflect.NativeMethodAccessorImpl.invoke0(Native Method)
	at java.base/jdk.internal.reflect.NativeMethodAccessorImpl.invoke(NativeMethodAccessorImpl.java:77)
	at java.base/jdk.internal.reflect.DelegatingMethodAccessorImpl.invoke(DelegatingMethodAccessorImpl.java:43)
	at java.base/java.lang.reflect.Method.invoke(Method.java:568)
	at org.testng.internal.invokers.MethodInvocationHelper.invokeMethod(MethodInvocationHelper.java:141)
	at org.testng.internal.invokers.TestInvoker.invokeMethod(TestInvoker.java:686)
	at org.testng.internal.invokers.TestInvoker.invokeTestMethod(TestInvoker.java:230)
	at org.testng.internal.invokers.MethodRunner.runInSequence(MethodRunner.java:63)
	at org.testng.internal.invokers.TestInvoker$MethodInvocationAgent.invoke(TestInvoker.java:992)
	at org.testng.internal.invokers.TestInvoker.invokeTestMethods(TestInvoker.java:203)
	at org.testng.internal.invokers.TestMethodWorker.invokeTestMethods(TestMethodWorker.java:154)
	at org.testng.internal.invokers.TestMethodWorker.run(TestMethodWorker.java:134)
	at java.base/java.util.concurrent.Executors$RunnableAdapter.call(Executors.java:539)
	at java.base/java.util.concurrent.FutureTask.run(FutureTask.java:264)
	at org.testng.internal.thread.graph.TestNGFutureTask.run(TestNGFutureTask.java:22)
	at java.base/java.util.concurrent.ThreadPoolExecutor.runWorker(ThreadPoolExecutor.java:1136)
	at java.base/java.util.concurrent.ThreadPoolExecutor$Worker.run(ThreadPoolExecutor.java:635)
	at java.base/java.lang.Thread.run(Thread.java:840)
</pre></div></td>
<td>6</td>
<td>OpenCart.TS_002_LoginFunctionality@327514f</td></tr>
<tr>
<td title='OpenCart.TS_01_RegistrationFunctionality.TC_RF_008()'><b>TC_RF_008</b><br>Test class: OpenCart.TS_01_RegistrationFunctionality<br>Parameters: 12345678912345678912</td>
<td><div><pre>java.lang.AssertionError: Password Error shown! expected [true] but found [false]
	at OpenCart.TS_01_RegistrationFunctionality.TC_RF_008(TS_01_RegistrationFunctionality.java:197)
	at java.base/java.util.concurrent.Executors$RunnableAdapter.call(Executors.java:539)
	at java.base/java.util.concurrent.FutureTask.run(FutureTask.java:264)
	at java.base/java.util.concurrent.ThreadPoolExecutor.runWorker(ThreadPoolExecutor.java:1136)
	at java.base/java.util.concurrent.ThreadPoolExecutor$Worker.run(ThreadPoolExecutor.java:635)
	at java.base/java.lang.Thread.run(Thread.java:840)
... Removed 16 stack frames</pre></div><a href='#' onClick='toggleBox("stack-trace1300386840", this, "Click to show all stack frames", "Click to hide stack frames")'>Click to show all stack frames</a>
<div class='stack-trace' id='stack-trace1300386840'><pre>java.lang.AssertionError: Password Error shown! expected [true] but found [false]
	at org.testng.Assert.fail(Assert.java:111)
	at org.testng.Assert.failNotEquals(Assert.java:1578)
	at org.testng.Assert.assertTrue(Assert.java:57)
	at OpenCart.TS_01_RegistrationFunctionality.TC_RF_008(TS_01_RegistrationFunctionality.java:197)
	at java.base/jdk.internal.reflect.NativeMethodAccessorImpl.invoke0(Native Method)
	at java.base/jdk.internal.reflect.NativeMethodAccessorImpl.invoke(NativeMethodAccessorImpl.java:77)
	at java.base/jdk.internal.reflect.DelegatingMethodAccessorImpl.invoke(DelegatingMethodAccessorImpl.java:43)
	at java.base/java.lang.reflect.Method.invoke(Method.java:568)
	at org.testng.internal.invokers.MethodInvocationHelper.invokeMethod(MethodInvocationHelper.java:141)
	at org.testng.internal.invokers.TestInvoker.invokeMethod(TestInvoker.java:686)
	at org.testng.internal.invokers.TestInvoker.invokeTestMethod(TestInvoker.java:230)
	at org.testng.internal.invokers.MethodRunner.runInSequence(MethodRunner.java:63)
	at org.testng.internal.invokers.TestInvoker$MethodInvocationAgent.invoke(TestInvoker.java:992)
	at org.testng.internal.invokers.TestInvoker.invokeTestMethods(TestInvoker.java:203)
	at org.testng.internal.invokers.TestMethodWorker.invokeTestMethods(TestMethodWorker.java:154)
	at org.testng.internal.invokers.TestMethodWorker.run(TestMethodWorker.java:134)
	at java.base/java.util.concurrent.Executors$RunnableAdapter.call(Executors.java:539)
	at java.base/java.util.concurrent.FutureTask.run(FutureTask.java:264)
	at org.testng.internal.thread.graph.TestNGFutureTask.run(TestNGFutureTask.java:22)
	at java.base/java.util.concurrent.ThreadPoolExecutor.runWorker(ThreadPoolExecutor.java:1136)
	at java.base/java.util.concurrent.ThreadPoolExecutor$Worker.run(ThreadPoolExecutor.java:635)
	at java.base/java.lang.Thread.run(Thread.java:840)
</pre></div></td>
<td>11</td>
<td>OpenCart.TS_01_RegistrationFunctionality@5aa9e4eb</td></tr>
<tr>
<td title='OpenCart.TS_002_LoginFunctionality.TC_LF_009()'><b>TC_LF_009</b><br>Test class: OpenCart.TS_002_LoginFunctionality<br>Parameters: lone@admin.com, admin</td>
<td><div><pre>java.lang.AssertionError: Page-back should not logout user after successful login. expected [true] but found [false]
	at OpenCart.TS_002_LoginFunctionality.TC_LF_009(TS_002_LoginFunctionality.java:111)
	at java.base/java.util.concurrent.Executors$RunnableAdapter.call(Executors.java:539)
	at java.base/java.util.concurrent.FutureTask.run(FutureTask.java:264)
	at java.base/java.util.concurrent.ThreadPoolExecutor.runWorker(ThreadPoolExecutor.java:1136)
	at java.base/java.util.concurrent.ThreadPoolExecutor$Worker.run(ThreadPoolExecutor.java:635)
	at java.base/java.lang.Thread.run(Thread.java:840)
... Removed 16 stack frames</pre></div><a href='#' onClick='toggleBox("stack-trace157339371", this, "Click to show all stack frames", "Click to hide stack frames")'>Click to show all stack frames</a>
<div class='stack-trace' id='stack-trace157339371'><pre>java.lang.AssertionError: Page-back should not logout user after successful login. expected [true] but found [false]
	at org.testng.Assert.fail(Assert.java:111)
	at org.testng.Assert.failNotEquals(Assert.java:1578)
	at org.testng.Assert.assertTrue(Assert.java:57)
	at OpenCart.TS_002_LoginFunctionality.TC_LF_009(TS_002_LoginFunctionality.java:111)
	at java.base/jdk.internal.reflect.NativeMethodAccessorImpl.invoke0(Native Method)
	at java.base/jdk.internal.reflect.NativeMethodAccessorImpl.invoke(NativeMethodAccessorImpl.java:77)
	at java.base/jdk.internal.reflect.DelegatingMethodAccessorImpl.invoke(DelegatingMethodAccessorImpl.java:43)
	at java.base/java.lang.reflect.Method.invoke(Method.java:568)
	at org.testng.internal.invokers.MethodInvocationHelper.invokeMethod(MethodInvocationHelper.java:141)
	at org.testng.internal.invokers.TestInvoker.invokeMethod(TestInvoker.java:686)
	at org.testng.internal.invokers.TestInvoker.invokeTestMethod(TestInvoker.java:230)
	at org.testng.internal.invokers.MethodRunner.runInSequence(MethodRunner.java:63)
	at org.testng.internal.invokers.TestInvoker$MethodInvocationAgent.invoke(TestInvoker.java:992)
	at org.testng.internal.invokers.TestInvoker.invokeTestMethods(TestInvoker.java:203)
	at org.testng.internal.invokers.TestMethodWorker.invokeTestMethods(TestMethodWorker.java:154)
	at org.testng.internal.invokers.TestMethodWorker.run(TestMethodWorker.java:134)
	at java.base/java.util.concurrent.Executors$RunnableAdapter.call(Executors.java:539)
	at java.base/java.util.concurrent.FutureTask.run(FutureTask.java:264)
	at org.testng.internal.thread.graph.TestNGFutureTask.run(TestNGFutureTask.java:22)
	at java.base/java.util.concurrent.ThreadPoolExecutor.runWorker(ThreadPoolExecutor.java:1136)
	at java.base/java.util.concurrent.ThreadPoolExecutor$Worker.run(ThreadPoolExecutor.java:635)
	at java.base/java.lang.Thread.run(Thread.java:840)
</pre></div></td>
<td>2</td>
<td>OpenCart.TS_002_LoginFunctionality@327514f</td></tr>
<tr>
<td title='OpenCart.TS_01_RegistrationFunctionality.TC_RF_009()'><b>TC_RF_009</b><br>Test class: OpenCart.TS_01_RegistrationFunctionality</td>
<td><div><pre>org.openqa.selenium.TimeoutException: Expected condition failed: waiting for OpenCart.AbstractComponents.AbstractComponents$1@48516634 (tried for 5 second(s) with 500 milliseconds interval)
Build info: version: &apos;4.23.0&apos;, revision: &apos;4df0a231af&apos;
System info: os.name: &apos;Windows 10&apos;, os.arch: &apos;amd64&apos;, os.version: &apos;10.0&apos;, java.version: &apos;17.0.9&apos;
Driver info: org.openqa.selenium.chrome.ChromeDriver
Capabilities {acceptInsecureCerts: false, browserName: chrome, browserVersion: 126.0.6478.185, chrome: {chromedriverVersion: 126.0.6478.182 (5b5d8292ddf..., userDataDir: C:\Users\Hassan\AppData\Loc...}, fedcm:accounts: true, goog:chromeOptions: {debuggerAddress: localhost:57749}, networkConnectionEnabled: false, pageLoadStrategy: normal, platformName: windows, proxy: Proxy(), se:cdp: ws://localhost:57749/devtoo..., se:cdpVersion: 126.0.6478.185, setWindowRect: true, strictFileInteractability: false, timeouts: {implicit: 0, pageLoad: 300000, script: 30000}, unhandledPromptBehavior: dismiss and notify, webauthn:extension:credBlob: true, webauthn:extension:largeBlob: true, webauthn:extension:minPinLength: true, webauthn:extension:prf: true, webauthn:virtualAuthenticators: true}
Session ID: 906973ec03f011d1a16687f844f5795d
	at org.openqa.selenium.support.ui.WebDriverWait.timeoutException(WebDriverWait.java:84)
	at org.openqa.selenium.support.ui.FluentWait.until(FluentWait.java:228)
	at OpenCart.AbstractComponents.AbstractComponents.waitForElementInView(AbstractComponents.java:66)
	at OpenCart.PageObjects.RegisterPage.SelectSubscribe(RegisterPage.java:164)
	at OpenCart.TS_01_RegistrationFunctionality.TC_RF_009(TS_01_RegistrationFunctionality.java:213)
	at java.base/java.util.concurrent.Executors$RunnableAdapter.call(Executors.java:539)
	at java.base/java.util.concurrent.FutureTask.run(FutureTask.java:264)
	at java.base/java.util.concurrent.ThreadPoolExecutor.runWorker(ThreadPoolExecutor.java:1136)
	at java.base/java.util.concurrent.ThreadPoolExecutor$Worker.run(ThreadPoolExecutor.java:635)
	at java.base/java.lang.Thread.run(Thread.java:840)
... Removed 13 stack frames</pre></div><a href='#' onClick='toggleBox("stack-trace675122320", this, "Click to show all stack frames", "Click to hide stack frames")'>Click to show all stack frames</a>
<div class='stack-trace' id='stack-trace675122320'><pre>org.openqa.selenium.TimeoutException: Expected condition failed: waiting for OpenCart.AbstractComponents.AbstractComponents$1@48516634 (tried for 5 second(s) with 500 milliseconds interval)
Build info: version: &apos;4.23.0&apos;, revision: &apos;4df0a231af&apos;
System info: os.name: &apos;Windows 10&apos;, os.arch: &apos;amd64&apos;, os.version: &apos;10.0&apos;, java.version: &apos;17.0.9&apos;
Driver info: org.openqa.selenium.chrome.ChromeDriver
Capabilities {acceptInsecureCerts: false, browserName: chrome, browserVersion: 126.0.6478.185, chrome: {chromedriverVersion: 126.0.6478.182 (5b5d8292ddf..., userDataDir: C:\Users\Hassan\AppData\Loc...}, fedcm:accounts: true, goog:chromeOptions: {debuggerAddress: localhost:57749}, networkConnectionEnabled: false, pageLoadStrategy: normal, platformName: windows, proxy: Proxy(), se:cdp: ws://localhost:57749/devtoo..., se:cdpVersion: 126.0.6478.185, setWindowRect: true, strictFileInteractability: false, timeouts: {implicit: 0, pageLoad: 300000, script: 30000}, unhandledPromptBehavior: dismiss and notify, webauthn:extension:credBlob: true, webauthn:extension:largeBlob: true, webauthn:extension:minPinLength: true, webauthn:extension:prf: true, webauthn:virtualAuthenticators: true}
Session ID: 906973ec03f011d1a16687f844f5795d
	at org.openqa.selenium.support.ui.WebDriverWait.timeoutException(WebDriverWait.java:84)
	at org.openqa.selenium.support.ui.FluentWait.until(FluentWait.java:228)
	at OpenCart.AbstractComponents.AbstractComponents.waitForElementInView(AbstractComponents.java:66)
	at OpenCart.PageObjects.RegisterPage.SelectSubscribe(RegisterPage.java:164)
	at OpenCart.TS_01_RegistrationFunctionality.TC_RF_009(TS_01_RegistrationFunctionality.java:213)
	at java.base/jdk.internal.reflect.NativeMethodAccessorImpl.invoke0(Native Method)
	at java.base/jdk.internal.reflect.NativeMethodAccessorImpl.invoke(NativeMethodAccessorImpl.java:77)
	at java.base/jdk.internal.reflect.DelegatingMethodAccessorImpl.invoke(DelegatingMethodAccessorImpl.java:43)
	at java.base/java.lang.reflect.Method.invoke(Method.java:568)
	at org.testng.internal.invokers.MethodInvocationHelper.invokeMethod(MethodInvocationHelper.java:141)
	at org.testng.internal.invokers.TestInvoker.invokeMethod(TestInvoker.java:686)
	at org.testng.internal.invokers.TestInvoker.invokeTestMethod(TestInvoker.java:230)
	at org.testng.internal.invokers.MethodRunner.runInSequence(MethodRunner.java:63)
	at org.testng.internal.invokers.TestInvoker$MethodInvocationAgent.invoke(TestInvoker.java:992)
	at org.testng.internal.invokers.TestInvoker.invokeTestMethods(TestInvoker.java:203)
	at org.testng.internal.invokers.TestMethodWorker.invokeTestMethods(TestMethodWorker.java:154)
	at org.testng.internal.invokers.TestMethodWorker.run(TestMethodWorker.java:134)
	at java.base/java.util.concurrent.Executors$RunnableAdapter.call(Executors.java:539)
	at java.base/java.util.concurrent.FutureTask.run(FutureTask.java:264)
	at org.testng.internal.thread.graph.TestNGFutureTask.run(TestNGFutureTask.java:22)
	at java.base/java.util.concurrent.ThreadPoolExecutor.runWorker(ThreadPoolExecutor.java:1136)
	at java.base/java.util.concurrent.ThreadPoolExecutor$Worker.run(ThreadPoolExecutor.java:635)
	at java.base/java.lang.Thread.run(Thread.java:840)
</pre></div></td>
<td>5</td>
<td>OpenCart.TS_01_RegistrationFunctionality@5aa9e4eb</td></tr>
</table><p>
<table width='100%' border='1' class='invocation-passed'>
<tr><td colspan='4' align='center'><b>PASSED TESTS</b></td></tr>
<tr><td><b>Test method</b></td>
<td><b>Attribute(s)</b></td>
<td width="30%"><b>Exception</b></td>
<td width="10%"><b>Time (seconds)</b></td>
<td><b>Instance</b></td>
</tr>
<tr>
<td title='OpenCart.TS_002_LoginFunctionality.TC_LF_005()'><b>TC_LF_005</b><br>Test class: OpenCart.TS_002_LoginFunctionality</td>
<td></td>
<td>0</td>
<td>OpenCart.TS_002_LoginFunctionality@327514f</td></tr>
<tr>
<td title='OpenCart.TS_01_RegistrationFunctionality.TC_RF_015()'><b>TC_RF_015</b><br>Test class: OpenCart.TS_01_RegistrationFunctionality</td>
<td></td>
<td>0</td>
<td>OpenCart.TS_01_RegistrationFunctionality@5aa9e4eb</td></tr>
<tr>
<td title='OpenCart.TS_01_RegistrationFunctionality.TC_RF_016()'><b>TC_RF_016</b><br>Test class: OpenCart.TS_01_RegistrationFunctionality</td>
<td></td>
<td>1</td>
<td>OpenCart.TS_01_RegistrationFunctionality@5aa9e4eb</td></tr>
<tr>
<td title='OpenCart.TS_01_RegistrationFunctionality.TC_RF_007()'><b>TC_RF_007</b><br>Test class: OpenCart.TS_01_RegistrationFunctionality</td>
<td></td>
<td>1</td>
<td>OpenCart.TS_01_RegistrationFunctionality@5aa9e4eb</td></tr>
<tr>
<td title='OpenCart.TS_002_LoginFunctionality.TC_LF_016()'><b>TC_LF_016</b><br>Test class: OpenCart.TS_002_LoginFunctionality<br>Parameters: change@change.com, change, change</td>
<td></td>
<td>3</td>
<td>OpenCart.TS_002_LoginFunctionality@327514f</td></tr>
<tr>
<td title='OpenCart.TS_002_LoginFunctionality.TC_LF_010()'><b>TC_LF_010</b><br>Test class: OpenCart.TS_002_LoginFunctionality<br>Parameters: lone@admin.com, admin</td>
<td></td>
<td>1</td>
<td>OpenCart.TS_002_LoginFunctionality@327514f</td></tr>
<tr>
<td title='OpenCart.TS_01_RegistrationFunctionality.TC_RF_004()'><b>TC_RF_004</b><br>Test class: OpenCart.TS_01_RegistrationFunctionality</td>
<td></td>
<td>1</td>
<td>OpenCart.TS_01_RegistrationFunctionality@5aa9e4eb</td></tr>
<tr>
<td title='OpenCart.TS_002_LoginFunctionality.TC_LF_001()'><b>TC_LF_001</b><br>Test class: OpenCart.TS_002_LoginFunctionality<br>Parameters: lone@admin.com, admin</td>
<td></td>
<td>0</td>
<td>OpenCart.TS_002_LoginFunctionality@327514f</td></tr>
<tr>
<td title='OpenCart.TS_002_LoginFunctionality.TC_LF_002()'><b>TC_LF_002</b><br>Test class: OpenCart.TS_002_LoginFunctionality<br>Parameters: admin@adm.com, adm</td>
<td></td>
<td>1</td>
<td>OpenCart.TS_002_LoginFunctionality@327514f</td></tr>
<tr>
<td title='OpenCart.TS_01_RegistrationFunctionality.TC_RF_006()'><b>TC_RF_006</b><br>Test class: OpenCart.TS_01_RegistrationFunctionality</td>
<td></td>
<td>2</td>
<td>OpenCart.TS_01_RegistrationFunctionality@5aa9e4eb</td></tr>
<tr>
<td title='OpenCart.TS_01_RegistrationFunctionality.TC_RF_008()'><b>TC_RF_008</b><br>Test class: OpenCart.TS_01_RegistrationFunctionality<br>Parameters: 12</td>
<td></td>
<td>1</td>
<td>OpenCart.TS_01_RegistrationFunctionality@5aa9e4eb</td></tr>
<tr>
<td title='OpenCart.TS_002_LoginFunctionality.TC_LF_002()'><b>TC_LF_002</b><br>Test class: OpenCart.TS_002_LoginFunctionality<br>Parameters: admin@admin.com, adm</td>
<td></td>
<td>1</td>
<td>OpenCart.TS_002_LoginFunctionality@327514f</td></tr>
<tr>
<td title='OpenCart.TS_01_RegistrationFunctionality.TC_RF_013()'><b>TC_RF_013</b><br>Test class: OpenCart.TS_01_RegistrationFunctionality</td>
<td></td>
<td>0</td>
<td>OpenCart.TS_01_RegistrationFunctionality@5aa9e4eb</td></tr>
<tr>
<td title='OpenCart.TS_01_RegistrationFunctionality.TC_RF_001()'><b>TC_RF_001</b><br>Test class: OpenCart.TS_01_RegistrationFunctionality</td>
<td></td>
<td>2</td>
<td>OpenCart.TS_01_RegistrationFunctionality@5aa9e4eb</td></tr>
<tr>
<td title='OpenCart.TS_002_LoginFunctionality.TC_LF_002()'><b>TC_LF_002</b><br>Test class: OpenCart.TS_002_LoginFunctionality<br>Parameters: admin@adm.com, admin</td>
<td></td>
<td>1</td>
<td>OpenCart.TS_002_LoginFunctionality@327514f</td></tr>
<tr>
<td title='OpenCart.TS_01_RegistrationFunctionality.TC_RF_012()'><b>TC_RF_012</b><br>Test class: OpenCart.TS_01_RegistrationFunctionality</td>
<td></td>
<td>2</td>
<td>OpenCart.TS_01_RegistrationFunctionality@5aa9e4eb</td></tr>
<tr>
<td title='OpenCart.TS_002_LoginFunctionality.TC_LF_014()'><b>TC_LF_014</b><br>Test class: OpenCart.TS_002_LoginFunctionality</td>
<td></td>
<td>0</td>
<td>OpenCart.TS_002_LoginFunctionality@327514f</td></tr>
<tr>
<td title='OpenCart.TS_01_RegistrationFunctionality.TC_RF_005()'><b>TC_RF_005</b><br>Test class: OpenCart.TS_01_RegistrationFunctionality</td>
<td></td>
<td>2</td>
<td>OpenCart.TS_01_RegistrationFunctionality@5aa9e4eb</td></tr>
</table><p>
</body>
</html>