<html>
<head>
<title>TestNG:  Default test</title>
<link href="../testng.css" rel="stylesheet" type="text/css" />
<link href="../my-testng.css" rel="stylesheet" type="text/css" />

<style type="text/css">
.log { display: none;} 
.stack-trace { display: none;} 
</style>
<script type="text/javascript">
<!--
function flip(e) {
  current = e.style.display;
  if (current == 'block') {
    e.style.display = 'none';
    return 0;
  }
  else {
    e.style.display = 'block';
    return 1;
  }
}

function toggleBox(szDivId, elem, msg1, msg2)
{
  var res = -1;  if (document.getElementById) {
    res = flip(document.getElementById(szDivId));
  }
  else if (document.all) {
    // this is the way old msie versions work
    res = flip(document.all[szDivId]);
  }
  if(elem) {
    if(res == 0) elem.innerHTML = msg1; else elem.innerHTML = msg2;
  }

}

function toggleAllBoxes() {
  if (document.getElementsByTagName) {
    d = document.getElementsByTagName('div');
    for (i = 0; i < d.length; i++) {
      if (d[i].className == 'log') {
        flip(d[i]);
      }
    }
  }
}

// -->
</script>

</head>
<body>
<h2 align='center'>Default test</h2><table border='1' align="center">
<tr>
<td>Tests passed/Failed/Skipped:</td><td>3/1/0</td>
</tr><tr>
<td>Started on:</td><td>Sat Aug 24 00:23:47 PKT 2024</td>
</tr>
<tr><td>Total time:</td><td>20 seconds (20118 ms)</td>
</tr><tr>
<td>Included groups:</td><td></td>
</tr><tr>
<td>Excluded groups:</td><td></td>
</tr>
</table><p/>
<small><i>(Hover the method name to see the test class name)</i></small><p/>
<table width='100%' border='1' class='invocation-failed'>
<tr><td colspan='4' align='center'><b>FAILED TESTS</b></td></tr>
<tr><td><b>Test method</b></td>
<td><b>Attribute(s)</b></td>
<td width="30%"><b>Exception</b></td>
<td width="10%"><b>Time (seconds)</b></td>
<td><b>Instance</b></td>
</tr>
<tr>
<td title='OpenCart.stepDefinitions.addToCartTestRunner.runScenario()'><b>runScenario</b><br>Test class: OpenCart.stepDefinitions.addToCartTestRunner<br>Test method: Runs Cucumber Scenarios<br>Parameters: "Validate adding the product to Cart from the Related Products section of the 'Product Display' Page", "Validate Add to Cart feature"</td>
<td><div><pre>java.lang.AssertionError: Apple Cinema 30&quot; in the cart expected [true] but found [false]
	at org.testng.Assert.fail(Assert.java:111)
	at org.testng.Assert.failNotEquals(Assert.java:1578)
	at org.testng.Assert.assertTrue(Assert.java:57)
	at OpenCart.stepDefinitions.addToCartStepImplementation.product_should_be_successfully_displayed_in_the_page(addToCartStepImplementation.java:89)
	at ✽.&quot;Apple Cinema 30\&quot;&quot; should be successfully displayed in the Shopping Cart page(file:///C:/Users/Hassan/git/repository/OpenCartAutomation/src/test/java/Cucumber/addToCart.feature:73)
</pre></div><a href='#' onClick='toggleBox("stack-trace693434027", this, "Click to show all stack frames", "Click to hide stack frames")'>Click to show all stack frames</a>
<div class='stack-trace' id='stack-trace693434027'><pre>java.lang.AssertionError: Apple Cinema 30&quot; in the cart expected [true] but found [false]
	at org.testng.Assert.fail(Assert.java:111)
	at org.testng.Assert.failNotEquals(Assert.java:1578)
	at org.testng.Assert.assertTrue(Assert.java:57)
	at OpenCart.stepDefinitions.addToCartStepImplementation.product_should_be_successfully_displayed_in_the_page(addToCartStepImplementation.java:89)
	at ✽.&quot;Apple Cinema 30\&quot;&quot; should be successfully displayed in the Shopping Cart page(file:///C:/Users/Hassan/git/repository/OpenCartAutomation/src/test/java/Cucumber/addToCart.feature:73)
</pre></div></td>
<td>6</td>
<td>OpenCart.stepDefinitions.addToCartTestRunner@3857f613</td></tr>
</table><p>
<table width='100%' border='1' class='invocation-passed'>
<tr><td colspan='4' align='center'><b>PASSED TESTS</b></td></tr>
<tr><td><b>Test method</b></td>
<td><b>Attribute(s)</b></td>
<td width="30%"><b>Exception</b></td>
<td width="10%"><b>Time (seconds)</b></td>
<td><b>Instance</b></td>
</tr>
<tr>
<td title='OpenCart.stepDefinitions.addToCartTestRunner.runScenario()'><b>runScenario</b><br>Test class: OpenCart.stepDefinitions.addToCartTestRunner<br>Test method: Runs Cucumber Scenarios<br>Parameters: "Validate adding the product to Cart from 'Search Results' Page", "Validate Add to Cart feature"</td>
<td></td>
<td>3</td>
<td>OpenCart.stepDefinitions.addToCartTestRunner@3857f613</td></tr>
<tr>
<td title='OpenCart.stepDefinitions.addToCartTestRunner.runScenario()'><b>runScenario</b><br>Test class: OpenCart.stepDefinitions.addToCartTestRunner<br>Test method: Runs Cucumber Scenarios<br>Parameters: "Validate adding the product to Cart from 'Product Display' Page", "Validate Add to Cart feature"</td>
<td></td>
<td>4</td>
<td>OpenCart.stepDefinitions.addToCartTestRunner@3857f613</td></tr>
<tr>
<td title='OpenCart.stepDefinitions.addToCartTestRunner.runScenario()'><b>runScenario</b><br>Test class: OpenCart.stepDefinitions.addToCartTestRunner<br>Test method: Runs Cucumber Scenarios<br>Parameters: "Validate adding the product to Cart from 'Wish List' Page", "Validate Add to Cart feature"</td>
<td></td>
<td>5</td>
<td>OpenCart.stepDefinitions.addToCartTestRunner@3857f613</td></tr>
</table><p>
</body>
</html>