<?xml version="1.0" encoding="UTF-8"?>
<testng-results ignored="0" total="4" passed="3" failed="1" skipped="0">
  <reporter-output>
  </reporter-output>
  <suite started-at="2024-08-24T00:23:47 PKT" name="Default suite" finished-at="2024-08-24T00:24:07 PKT" duration-ms="20118">
    <groups>
      <group name="cucumber">
        <method signature="AbstractTestNGCucumberTests.runScenario(io.cucumber.testng.PickleWrapper,io.cucumber.testng.FeatureWrapper)[pri:0, instance:OpenCart.stepDefinitions.addToCartTestRunner@3857f613]" name="runScenario" class="io.cucumber.testng.AbstractTestNGCucumberTests"/>
      </group> <!-- cucumber -->
    </groups>
    <test started-at="2024-08-24T00:23:47 PKT" name="Default test" finished-at="2024-08-24T00:24:07 PKT" duration-ms="20118">
      <class name="OpenCart.stepDefinitions.addToCartTestRunner">
        <test-method is-config="true" signature="setUpClass(org.testng.ITestContext)[pri:0, instance:OpenCart.stepDefinitions.addToCartTestRunner@3857f613]" started-at="2024-08-24T00:23:47 PKT" name="setUpClass" finished-at="2024-08-24T00:23:48 PKT" duration-ms="452" status="PASS">
          <params>
            <param index="0">
              <value>
                <![CDATA[org.testng.TestRunner@cedee22]]>
              </value>
            </param>
          </params>
          <reporter-output>
          </reporter-output>
        </test-method> <!-- setUpClass -->
        <test-method signature="runScenario(io.cucumber.testng.PickleWrapper,io.cucumber.testng.FeatureWrapper)[pri:0, instance:OpenCart.stepDefinitions.addToCartTestRunner@3857f613]" started-at="2024-08-24T00:23:48 PKT" name="runScenario" description="Runs Cucumber Scenarios" data-provider="scenarios" finished-at="2024-08-24T00:23:52 PKT" duration-ms="4044" status="PASS">
          <params>
            <param index="0">
              <value>
                <![CDATA["Validate adding the product to Cart from 'Product Display' Page"]]>
              </value>
            </param>
            <param index="1">
              <value>
                <![CDATA["Validate Add to Cart feature"]]>
              </value>
            </param>
          </params>
          <reporter-output>
          </reporter-output>
        </test-method> <!-- runScenario -->
        <test-method signature="runScenario(io.cucumber.testng.PickleWrapper,io.cucumber.testng.FeatureWrapper)[pri:0, instance:OpenCart.stepDefinitions.addToCartTestRunner@3857f613]" started-at="2024-08-24T00:23:52 PKT" name="runScenario" description="Runs Cucumber Scenarios" data-provider="scenarios" finished-at="2024-08-24T00:23:57 PKT" duration-ms="5668" status="PASS">
          <params>
            <param index="0">
              <value>
                <![CDATA["Validate adding the product to Cart from 'Wish List' Page"]]>
              </value>
            </param>
            <param index="1">
              <value>
                <![CDATA["Validate Add to Cart feature"]]>
              </value>
            </param>
          </params>
          <reporter-output>
          </reporter-output>
        </test-method> <!-- runScenario -->
        <test-method signature="runScenario(io.cucumber.testng.PickleWrapper,io.cucumber.testng.FeatureWrapper)[pri:0, instance:OpenCart.stepDefinitions.addToCartTestRunner@3857f613]" started-at="2024-08-24T00:23:57 PKT" name="runScenario" description="Runs Cucumber Scenarios" data-provider="scenarios" finished-at="2024-08-24T00:24:01 PKT" duration-ms="3788" status="PASS">
          <params>
            <param index="0">
              <value>
                <![CDATA["Validate adding the product to Cart from 'Search Results' Page"]]>
              </value>
            </param>
            <param index="1">
              <value>
                <![CDATA["Validate Add to Cart feature"]]>
              </value>
            </param>
          </params>
          <reporter-output>
          </reporter-output>
        </test-method> <!-- runScenario -->
        <test-method signature="runScenario(io.cucumber.testng.PickleWrapper,io.cucumber.testng.FeatureWrapper)[pri:0, instance:OpenCart.stepDefinitions.addToCartTestRunner@3857f613]" started-at="2024-08-24T00:24:01 PKT" name="runScenario" description="Runs Cucumber Scenarios" data-provider="scenarios" finished-at="2024-08-24T00:24:07 PKT" duration-ms="6081" status="FAIL">
          <params>
            <param index="0">
              <value>
                <![CDATA["Validate adding the product to Cart from the Related Products section of the 'Product Display' Page"]]>
              </value>
            </param>
            <param index="1">
              <value>
                <![CDATA["Validate Add to Cart feature"]]>
              </value>
            </param>
          </params>
          <exception class="java.lang.AssertionError">
            <message>
              <![CDATA[Apple Cinema 30" in the cart expected [true] but found [false]]]>
            </message>
            <full-stacktrace>
              <![CDATA[java.lang.AssertionError: Apple Cinema 30" in the cart expected [true] but found [false]
at org.testng.Assert.fail(Assert.java:111)
at org.testng.Assert.failNotEquals(Assert.java:1578)
at org.testng.Assert.assertTrue(Assert.java:57)
at OpenCart.stepDefinitions.addToCartStepImplementation.product_should_be_successfully_displayed_in_the_page(addToCartStepImplementation.java:89)
at âœ½."Apple Cinema 30\"" should be successfully displayed in the Shopping Cart page(file:///C:/Users/Hassan/git/repository/OpenCartAutomation/src/test/java/Cucumber/addToCart.feature:73)
]]>
            </full-stacktrace>
          </exception> <!-- java.lang.AssertionError -->
          <reporter-output>
          </reporter-output>
        </test-method> <!-- runScenario -->
        <test-method is-config="true" signature="tearDownClass()[pri:0, instance:OpenCart.stepDefinitions.addToCartTestRunner@3857f613]" started-at="2024-08-24T00:24:07 PKT" name="tearDownClass" finished-at="2024-08-24T00:24:07 PKT" duration-ms="27" status="PASS">
          <reporter-output>
          </reporter-output>
        </test-method> <!-- tearDownClass -->
      </class> <!-- OpenCart.stepDefinitions.addToCartTestRunner -->
    </test> <!-- Default test -->
  </suite> <!-- Default suite -->
</testng-results>
